Gerando uma nova viagem.

Condutor da viagem: Milton
Localizações da viagem: MEIER CASADOLP LEBLON ROCINHA 
Data hora viagem: 01/12/2014 1417477368137
Os conduzidos da viagem são: Victor, Fernanda, 
------------------------------------------------------------------------------
Gerando uma nova viagem.

Condutor da viagem: Leonardo
Localizações da viagem: LINS LEBLON ROCINHA LEME 
Data hora viagem: 01/12/2014 1417477373165
Os conduzidos da viagem são: 
------------------------------------------------------------------------------
Gerando uma nova viagem.

Condutor da viagem: Milton
Localizações da viagem: MEIER CASADOLP LEBLON ROCINHA 
Data hora viagem: 01/12/2014 1417477526363
Os conduzidos da viagem são: Victor, Fernanda, 
------------------------------------------------------------------------------
Gerando uma nova viagem.

Condutor da viagem: Leonardo
Localizações da viagem: LINS LEBLON ROCINHA LEME 
Data hora viagem: 01/12/2014 1417477531383
Os conduzidos da viagem são: 
------------------------------------------------------------------------------
Gerando uma nova viagem.

Condutor da viagem: Milton
Localizações da viagem: MEIER CASADOLP LEBLON ROCINHA 
Data hora viagem: 01/12/2014 1417477751242
Os conduzidos da viagem são: Victor, Fernanda, 
------------------------------------------------------------------------------
Gerando uma nova viagem.

Condutor da viagem: Leonardo
Localizações da viagem: LINS LEBLON ROCINHA LEME 
Data hora viagem: 01/12/2014 1417477756261
Os conduzidos da viagem são: 
------------------------------------------------------------------------------
Gerando uma nova viagem.

Condutor da viagem: Milton
Localizações da viagem: MEIER CASADOLP LEBLON ROCINHA 
Data hora viagem: 01/12/2014 1417477843902
Os conduzidos da viagem são: Victor, Fernanda, 
------------------------------------------------------------------------------
Gerando uma nova viagem.

Condutor da viagem: Leonardo
Localizações da viagem: LINS LEBLON ROCINHA LEME 
Data hora viagem: 01/12/2014 1417477848920
Os conduzidos da viagem são: 
------------------------------------------------------------------------------
Gerando uma nova viagem.

Condutor da viagem: Milton
Localizações da viagem: MEIER CASADOLP LEBLON ROCINHA 
Data hora viagem: 01/12/2014 1417477949505
Os conduzidos da viagem são: Victor, Fernanda, 
------------------------------------------------------------------------------
Gerando uma nova viagem.

Condutor da viagem: Leonardo
Localizações da viagem: LINS LEBLON ROCINHA LEME 
Data hora viagem: 01/12/2014 1417477954517
Os conduzidos da viagem são: 
------------------------------------------------------------------------------
Gerando uma nova viagem.

Condutor da viagem: Milton
Localizações da viagem: MEIER CASADOLP LEBLON ROCINHA 
Data hora viagem: 01/12/2014 1417478167885
Os conduzidos da viagem são: Victor, Fernanda, 
------------------------------------------------------------------------------
Gerando uma nova viagem.

Condutor da viagem: Leonardo
Localizações da viagem: LINS LEBLON ROCINHA LEME 
Data hora viagem: 01/12/2014 1417478172920
Os conduzidos da viagem são: 
------------------------------------------------------------------------------
Gerando uma nova viagem.

Condutor da viagem: Milton
Localizações da viagem: MEIER CASADOLP LEBLON ROCINHA 
Data hora viagem: 01/12/2014 1417474022413
Os conduzidos da viagem são: Fernanda, 
------------------------------------------------------------------------------
Gerando uma nova viagem.

Condutor da viagem: Leonardo
Localizações da viagem: LINS LEBLON ROCINHA LEME 
Data hora viagem: 01/12/2014 1417474027481
Os conduzidos da viagem são: 
------------------------------------------------------------------------------
